<?xml version="1.0" encoding="UTF-8"?>
<testsuite xmlns:xsi="http://www.w3.org/2001/XMLSchema-instance" xsi:noNamespaceSchemaLocation="https://maven.apache.org/surefire/maven-surefire-plugin/xsd/surefire-test-report-3.0.xsd" version="3.0" name="testScenario.ScenarioJunitActivatorTest" time="2.71" tests="2" errors="0" skipped="0" failures="0">
  <properties>
    <property name="sun.desktop" value="windows"/>
    <property name="awt.toolkit" value="sun.awt.windows.WToolkit"/>
    <property name="java.specification.version" value="11"/>
    <property name="sun.cpu.isalist" value="amd64"/>
    <property name="sun.jnu.encoding" value="Cp1253"/>
    <property name="java.class.path" value="C:\Repos\MSSQLApp\new_business\target\test-classes;C:\Repos\MSSQLApp\new_business\target\classes;C:\Users\ichionis\.m2\repository\org\kie\kie-api\7.55.0.Final\kie-api-7.55.0.Final.jar;C:\Users\ichionis\.m2\repository\org\kie\soup\kie-soup-maven-support\7.55.0.Final\kie-soup-maven-support-7.55.0.Final.jar;C:\Users\ichionis\.m2\repository\org\kie\kie-internal\7.55.0.Final\kie-internal-7.55.0.Final.jar;C:\Users\ichionis\.m2\repository\org\optaplanner\optaplanner-core\7.55.0.Final\optaplanner-core-7.55.0.Final.jar;C:\Users\ichionis\.m2\repository\org\drools\drools-core\7.55.0.Final\drools-core-7.55.0.Final.jar;C:\Users\ichionis\.m2\repository\org\kie\soup\kie-soup-xstream\7.55.0.Final\kie-soup-xstream-7.55.0.Final.jar;C:\Users\ichionis\.m2\repository\org\drools\drools-core-reflective\7.55.0.Final\drools-core-reflective-7.55.0.Final.jar;C:\Users\ichionis\.m2\repository\org\drools\drools-core-dynamic\7.55.0.Final\drools-core-dynamic-7.55.0.Final.jar;C:\Users\ichionis\.m2\repository\commons-codec\commons-codec\1.11\commons-codec-1.11.jar;C:\Users\ichionis\.m2\repository\org\drools\drools-compiler\7.55.0.Final\drools-compiler-7.55.0.Final.jar;C:\Users\ichionis\.m2\repository\org\kie\kie-memory-compiler\7.55.0.Final\kie-memory-compiler-7.55.0.Final.jar;C:\Users\ichionis\.m2\repository\org\drools\drools-ecj\7.55.0.Final\drools-ecj-7.55.0.Final.jar;C:\Users\ichionis\.m2\repository\org\antlr\antlr-runtime\3.5.2\antlr-runtime-3.5.2.jar;C:\Users\ichionis\.m2\repository\org\drools\drools-mvel\7.55.0.Final\drools-mvel-7.55.0.Final.jar;C:\Users\ichionis\.m2\repository\org\kie\soup\kie-soup-project-datamodel-commons\7.55.0.Final\kie-soup-project-datamodel-commons-7.55.0.Final.jar;C:\Users\ichionis\.m2\repository\org\drools\drools-canonical-model\7.55.0.Final\drools-canonical-model-7.55.0.Final.jar;C:\Users\ichionis\.m2\repository\org\drools\drools-model-compiler\7.55.0.Final\drools-model-compiler-7.55.0.Final.jar;C:\Users\ichionis\.m2\repository\com\github\javaparser\javaparser-core\3.13.10\javaparser-core-3.13.10.jar;C:\Users\ichionis\.m2\repository\org\drools\drools-mvel-parser\7.55.0.Final\drools-mvel-parser-7.55.0.Final.jar;C:\Users\ichionis\.m2\repository\org\drools\drools-mvel-compiler\7.55.0.Final\drools-mvel-compiler-7.55.0.Final.jar;C:\Users\ichionis\.m2\repository\org\apache\commons\commons-lang3\3.9\commons-lang3-3.9.jar;C:\Users\ichionis\.m2\repository\org\apache\commons\commons-math3\3.4.1\commons-math3-3.4.1.jar;C:\Users\ichionis\.m2\repository\org\reflections\reflections\0.9.11\reflections-0.9.11.jar;C:\Users\ichionis\.m2\repository\com\google\guava\guava\20.0\guava-20.0.jar;C:\Users\ichionis\.m2\repository\org\javassist\javassist\3.21.0-GA\javassist-3.21.0-GA.jar;C:\Users\ichionis\.m2\repository\org\optaplanner\optaplanner-persistence-jaxb\7.55.0.Final\optaplanner-persistence-jaxb-7.55.0.Final.jar;C:\Users\ichionis\.m2\repository\org\optaplanner\optaplanner-persistence-common\7.55.0.Final\optaplanner-persistence-common-7.55.0.Final.jar;C:\Users\ichionis\.m2\repository\org\jboss\spec\javax\xml\bind\jboss-jaxb-api_2.3_spec\1.0.1.Final\jboss-jaxb-api_2.3_spec-1.0.1.Final.jar;C:\Users\ichionis\.m2\repository\junit\junit\4.12\junit-4.12.jar;C:\Users\ichionis\.m2\repository\org\hamcrest\hamcrest-core\1.3\hamcrest-core-1.3.jar;C:\Users\ichionis\.m2\repository\com\thoughtworks\xstream\xstream\1.4.10\xstream-1.4.10.jar;C:\Users\ichionis\.m2\repository\xmlpull\xmlpull\1.1.3.1\xmlpull-1.1.3.1.jar;C:\Users\ichionis\.m2\repository\xpp3\xpp3_min\1.1.4c\xpp3_min-1.1.4c.jar;C:\Users\ichionis\.m2\repository\org\slf4j\slf4j-api\2.0.0-alpha1\slf4j-api-2.0.0-alpha1.jar;C:\Users\ichionis\.m2\repository\org\slf4j\slf4j-simple\2.0.0-alpha1\slf4j-simple-2.0.0-alpha1.jar;C:\Users\ichionis\.m2\repository\org\drools\drools-scenario-simulation-api\7.55.0.Final\drools-scenario-simulation-api-7.55.0.Final.jar;C:\Users\ichionis\.m2\repository\org\kie\soup\kie-soup-project-datamodel-api\7.55.0.Final\kie-soup-project-datamodel-api-7.55.0.Final.jar;C:\Users\ichionis\.m2\repository\org\drools\drools-scenario-simulation-backend\7.55.0.Final\drools-scenario-simulation-backend-7.55.0.Final.jar;C:\Users\ichionis\.m2\repository\com\fasterxml\jackson\core\jackson-databind\2.10.5.1\jackson-databind-2.10.5.1.jar;C:\Users\ichionis\.m2\repository\com\fasterxml\jackson\core\jackson-annotations\2.10.5\jackson-annotations-2.10.5.jar;C:\Users\ichionis\.m2\repository\com\fasterxml\jackson\core\jackson-core\2.10.5\jackson-core-2.10.5.jar;C:\Users\ichionis\.m2\repository\org\kie\soup\kie-soup-commons\7.55.0.Final\kie-soup-commons-7.55.0.Final.jar;C:\Users\ichionis\.m2\repository\org\mvel\mvel2\2.4.12.Final\mvel2-2.4.12.Final.jar;C:\Users\ichionis\.m2\repository\org\kie\kie-dmn-feel\7.55.0.Final\kie-dmn-feel-7.55.0.Final.jar;C:\Users\ichionis\.m2\repository\org\kie\kie-dmn-model\7.55.0.Final\kie-dmn-model-7.55.0.Final.jar;C:\Users\ichionis\.m2\repository\org\antlr\antlr4-runtime\4.8\antlr4-runtime-4.8.jar;C:\Users\ichionis\.m2\repository\ch\obermuhlner\big-math\2.0.1\big-math-2.0.1.jar;C:\Users\ichionis\.m2\repository\org\kie\kie-dmn-api\7.55.0.Final\kie-dmn-api-7.55.0.Final.jar;C:\Users\ichionis\.m2\repository\org\kie\kie-dmn-core\7.55.0.Final\kie-dmn-core-7.55.0.Final.jar;C:\Users\ichionis\.m2\repository\org\kie\kie-dmn-backend\7.55.0.Final\kie-dmn-backend-7.55.0.Final.jar;C:\Users\ichionis\.m2\repository\org\drools\drools-ruleunit\7.55.0.Final\drools-ruleunit-7.55.0.Final.jar;C:\Users\ichionis\.m2\repository\org\drools\drools-alphanetwork-compiler\7.55.0.Final\drools-alphanetwork-compiler-7.55.0.Final.jar;C:\Users\ichionis\.m2\repository\org\jpmml\pmml-model\1.5.1\pmml-model-1.5.1.jar;C:\Users\ichionis\.m2\repository\org\jpmml\pmml-agent\1.5.1\pmml-agent-1.5.1.jar;"/>
    <property name="java.vm.vendor" value="Oracle Corporation"/>
    <property name="sun.arch.data.model" value="64"/>
    <property name="user.variant" value=""/>
    <property name="java.vendor.url" value="http://java.oracle.com/"/>
    <property name="user.timezone" value="Europe/Athens"/>
    <property name="user.country.format" value="GR"/>
    <property name="java.vm.specification.version" value="11"/>
    <property name="os.name" value="Windows 10"/>
    <property name="sun.java.launcher" value="SUN_STANDARD"/>
    <property name="user.country" value="US"/>
    <property name="sun.boot.library.path" value="C:\Program Files\Java\jdk-11\bin"/>
    <property name="sun.java.command" value="C:\Users\ichionis\AppData\Local\Temp\surefire9303009001319496041\surefirebooter5015787308927329576.jar C:\Users\ichionis\AppData\Local\Temp\surefire9303009001319496041 2021-06-11T18-11-24_026-jvmRun1 surefire15184568150098827577tmp surefire_016678068095444786679tmp"/>
    <property name="jdk.debug" value="release"/>
    <property name="surefire.test.class.path" value="C:\Repos\MSSQLApp\new_business\target\test-classes;C:\Repos\MSSQLApp\new_business\target\classes;C:\Users\ichionis\.m2\repository\org\kie\kie-api\7.55.0.Final\kie-api-7.55.0.Final.jar;C:\Users\ichionis\.m2\repository\org\kie\soup\kie-soup-maven-support\7.55.0.Final\kie-soup-maven-support-7.55.0.Final.jar;C:\Users\ichionis\.m2\repository\org\kie\kie-internal\7.55.0.Final\kie-internal-7.55.0.Final.jar;C:\Users\ichionis\.m2\repository\org\optaplanner\optaplanner-core\7.55.0.Final\optaplanner-core-7.55.0.Final.jar;C:\Users\ichionis\.m2\repository\org\drools\drools-core\7.55.0.Final\drools-core-7.55.0.Final.jar;C:\Users\ichionis\.m2\repository\org\kie\soup\kie-soup-xstream\7.55.0.Final\kie-soup-xstream-7.55.0.Final.jar;C:\Users\ichionis\.m2\repository\org\drools\drools-core-reflective\7.55.0.Final\drools-core-reflective-7.55.0.Final.jar;C:\Users\ichionis\.m2\repository\org\drools\drools-core-dynamic\7.55.0.Final\drools-core-dynamic-7.55.0.Final.jar;C:\Users\ichionis\.m2\repository\commons-codec\commons-codec\1.11\commons-codec-1.11.jar;C:\Users\ichionis\.m2\repository\org\drools\drools-compiler\7.55.0.Final\drools-compiler-7.55.0.Final.jar;C:\Users\ichionis\.m2\repository\org\kie\kie-memory-compiler\7.55.0.Final\kie-memory-compiler-7.55.0.Final.jar;C:\Users\ichionis\.m2\repository\org\drools\drools-ecj\7.55.0.Final\drools-ecj-7.55.0.Final.jar;C:\Users\ichionis\.m2\repository\org\antlr\antlr-runtime\3.5.2\antlr-runtime-3.5.2.jar;C:\Users\ichionis\.m2\repository\org\drools\drools-mvel\7.55.0.Final\drools-mvel-7.55.0.Final.jar;C:\Users\ichionis\.m2\repository\org\kie\soup\kie-soup-project-datamodel-commons\7.55.0.Final\kie-soup-project-datamodel-commons-7.55.0.Final.jar;C:\Users\ichionis\.m2\repository\org\drools\drools-canonical-model\7.55.0.Final\drools-canonical-model-7.55.0.Final.jar;C:\Users\ichionis\.m2\repository\org\drools\drools-model-compiler\7.55.0.Final\drools-model-compiler-7.55.0.Final.jar;C:\Users\ichionis\.m2\repository\com\github\javaparser\javaparser-core\3.13.10\javaparser-core-3.13.10.jar;C:\Users\ichionis\.m2\repository\org\drools\drools-mvel-parser\7.55.0.Final\drools-mvel-parser-7.55.0.Final.jar;C:\Users\ichionis\.m2\repository\org\drools\drools-mvel-compiler\7.55.0.Final\drools-mvel-compiler-7.55.0.Final.jar;C:\Users\ichionis\.m2\repository\org\apache\commons\commons-lang3\3.9\commons-lang3-3.9.jar;C:\Users\ichionis\.m2\repository\org\apache\commons\commons-math3\3.4.1\commons-math3-3.4.1.jar;C:\Users\ichionis\.m2\repository\org\reflections\reflections\0.9.11\reflections-0.9.11.jar;C:\Users\ichionis\.m2\repository\com\google\guava\guava\20.0\guava-20.0.jar;C:\Users\ichionis\.m2\repository\org\javassist\javassist\3.21.0-GA\javassist-3.21.0-GA.jar;C:\Users\ichionis\.m2\repository\org\optaplanner\optaplanner-persistence-jaxb\7.55.0.Final\optaplanner-persistence-jaxb-7.55.0.Final.jar;C:\Users\ichionis\.m2\repository\org\optaplanner\optaplanner-persistence-common\7.55.0.Final\optaplanner-persistence-common-7.55.0.Final.jar;C:\Users\ichionis\.m2\repository\org\jboss\spec\javax\xml\bind\jboss-jaxb-api_2.3_spec\1.0.1.Final\jboss-jaxb-api_2.3_spec-1.0.1.Final.jar;C:\Users\ichionis\.m2\repository\junit\junit\4.12\junit-4.12.jar;C:\Users\ichionis\.m2\repository\org\hamcrest\hamcrest-core\1.3\hamcrest-core-1.3.jar;C:\Users\ichionis\.m2\repository\com\thoughtworks\xstream\xstream\1.4.10\xstream-1.4.10.jar;C:\Users\ichionis\.m2\repository\xmlpull\xmlpull\1.1.3.1\xmlpull-1.1.3.1.jar;C:\Users\ichionis\.m2\repository\xpp3\xpp3_min\1.1.4c\xpp3_min-1.1.4c.jar;C:\Users\ichionis\.m2\repository\org\slf4j\slf4j-api\2.0.0-alpha1\slf4j-api-2.0.0-alpha1.jar;C:\Users\ichionis\.m2\repository\org\slf4j\slf4j-simple\2.0.0-alpha1\slf4j-simple-2.0.0-alpha1.jar;C:\Users\ichionis\.m2\repository\org\drools\drools-scenario-simulation-api\7.55.0.Final\drools-scenario-simulation-api-7.55.0.Final.jar;C:\Users\ichionis\.m2\repository\org\kie\soup\kie-soup-project-datamodel-api\7.55.0.Final\kie-soup-project-datamodel-api-7.55.0.Final.jar;C:\Users\ichionis\.m2\repository\org\drools\drools-scenario-simulation-backend\7.55.0.Final\drools-scenario-simulation-backend-7.55.0.Final.jar;C:\Users\ichionis\.m2\repository\com\fasterxml\jackson\core\jackson-databind\2.10.5.1\jackson-databind-2.10.5.1.jar;C:\Users\ichionis\.m2\repository\com\fasterxml\jackson\core\jackson-annotations\2.10.5\jackson-annotations-2.10.5.jar;C:\Users\ichionis\.m2\repository\com\fasterxml\jackson\core\jackson-core\2.10.5\jackson-core-2.10.5.jar;C:\Users\ichionis\.m2\repository\org\kie\soup\kie-soup-commons\7.55.0.Final\kie-soup-commons-7.55.0.Final.jar;C:\Users\ichionis\.m2\repository\org\mvel\mvel2\2.4.12.Final\mvel2-2.4.12.Final.jar;C:\Users\ichionis\.m2\repository\org\kie\kie-dmn-feel\7.55.0.Final\kie-dmn-feel-7.55.0.Final.jar;C:\Users\ichionis\.m2\repository\org\kie\kie-dmn-model\7.55.0.Final\kie-dmn-model-7.55.0.Final.jar;C:\Users\ichionis\.m2\repository\org\antlr\antlr4-runtime\4.8\antlr4-runtime-4.8.jar;C:\Users\ichionis\.m2\repository\ch\obermuhlner\big-math\2.0.1\big-math-2.0.1.jar;C:\Users\ichionis\.m2\repository\org\kie\kie-dmn-api\7.55.0.Final\kie-dmn-api-7.55.0.Final.jar;C:\Users\ichionis\.m2\repository\org\kie\kie-dmn-core\7.55.0.Final\kie-dmn-core-7.55.0.Final.jar;C:\Users\ichionis\.m2\repository\org\kie\kie-dmn-backend\7.55.0.Final\kie-dmn-backend-7.55.0.Final.jar;C:\Users\ichionis\.m2\repository\org\drools\drools-ruleunit\7.55.0.Final\drools-ruleunit-7.55.0.Final.jar;C:\Users\ichionis\.m2\repository\org\drools\drools-alphanetwork-compiler\7.55.0.Final\drools-alphanetwork-compiler-7.55.0.Final.jar;C:\Users\ichionis\.m2\repository\org\jpmml\pmml-model\1.5.1\pmml-model-1.5.1.jar;C:\Users\ichionis\.m2\repository\org\jpmml\pmml-agent\1.5.1\pmml-agent-1.5.1.jar;"/>
    <property name="sun.cpu.endian" value="little"/>
    <property name="user.home" value="C:\Users\ichionis"/>
    <property name="user.language" value="en"/>
    <property name="java.specification.vendor" value="Oracle Corporation"/>
    <property name="java.version.date" value="2018-09-25"/>
    <property name="java.home" value="C:\Program Files\Java\jdk-11"/>
    <property name="file.separator" value="\"/>
    <property name="basedir" value="C:\Repos\MSSQLApp\new_business"/>
    <property name="java.vm.compressedOopsMode" value="Zero based"/>
    <property name="line.separator" value="&#10;"/>
    <property name="java.specification.name" value="Java Platform API Specification"/>
    <property name="java.vm.specification.vendor" value="Oracle Corporation"/>
    <property name="java.awt.graphicsenv" value="sun.awt.Win32GraphicsEnvironment"/>
    <property name="surefire.real.class.path" value="C:\Users\ichionis\AppData\Local\Temp\surefire9303009001319496041\surefirebooter5015787308927329576.jar"/>
    <property name="user.script" value=""/>
    <property name="sun.management.compiler" value="HotSpot 64-Bit Tiered Compilers"/>
    <property name="java.runtime.version" value="11+28"/>
    <property name="user.name" value="ichionis"/>
    <property name="path.separator" value=";"/>
    <property name="os.version" value="10.0"/>
    <property name="java.runtime.name" value="OpenJDK Runtime Environment"/>
    <property name="file.encoding" value="Cp1253"/>
    <property name="java.vm.name" value="OpenJDK 64-Bit Server VM"/>
    <property name="java.vendor.version" value="18.9"/>
    <property name="localRepository" value="C:\Users\ichionis\.m2\repository"/>
    <property name="java.vendor.url.bug" value="http://bugreport.java.com/bugreport/"/>
    <property name="java.io.tmpdir" value="C:\Users\ichionis\AppData\Local\Temp\"/>
    <property name="java.version" value="11"/>
    <property name="user.dir" value="C:\Repos\MSSQLApp\new_business"/>
    <property name="os.arch" value="amd64"/>
    <property name="java.vm.specification.name" value="Java Virtual Machine Specification"/>
    <property name="java.awt.printerjob" value="sun.awt.windows.WPrinterJob"/>
    <property name="user.language.format" value="el"/>
    <property name="sun.os.patch.level" value=""/>
    <property name="java.library.path" value="C:\Program Files\Java\jdk-11\bin;C:\WINDOWS\Sun\Java\bin;C:\WINDOWS\system32;C:\WINDOWS;C:\Program Files\Java\jdk-11\bin;C:\Program Files\Common Files\Oracle\Java\javapath;C:\Program Files (x86)\Common Files\Oracle\Java\javapath;C:\WINDOWS\system32;C:\WINDOWS;C:\WINDOWS\System32\Wbem;C:\WINDOWS\System32\WindowsPowerShell\v1.0\;C:\WINDOWS\System32\OpenSSH\;C:\Program Files\Java\jdk-11\bin;C:\Program Files (x86)\Symantec\VIP Access Client\;C:\Program Files\Microsoft SQL Server\Client SDK\ODBC\170\Tools\Binn\;C:\Program Files (x86)\Microsoft SQL Server\150\Tools\Binn\;C:\Program Files\Microsoft SQL Server\150\Tools\Binn\;C:\Program Files\Microsoft SQL Server\150\DTS\Binn\;C:\Program Files (x86)\Microsoft SQL Server\150\DTS\Binn\;C:\Program Files\Azure Data Studio\bin;C:\Users\ichionis\AppData\Local\Microsoft\WindowsApps;C:\Users\ichionis\AppData\Local\Programs\Microsoft VS Code\bin;C:\Users\ichionis\AppData\Local\Programs\Git\cmd;C:\apache-maven-3.8.1\bin;C:\Program Files (x86)\Java\jre1.8.0_291;C:\Program Files\Java\jdk-11;;C:\Program Files\Azure Data Studio\bin;."/>
    <property name="java.vendor" value="Oracle Corporation"/>
    <property name="java.vm.info" value="mixed mode"/>
    <property name="java.vm.version" value="11+28"/>
    <property name="sun.io.unicode.encoding" value="UnicodeLittle"/>
    <property name="java.class.version" value="55.0"/>
  </properties>
  <testcase name="#1: " classname="bmi-test" time="1.223">
    <system-err><![CDATA[[main] INFO org.drools.compiler.kie.builder.impl.ClasspathKieProject - Found kmodule: file:/C:/Repos/MSSQLApp/new_business/target/classes/META-INF/kmodule.xml
[main] WARN org.drools.compiler.kie.builder.impl.ClasspathKieProject - Unable to find pom.properties in /C:/Repos/MSSQLApp/new_business/target/classes
[main] INFO org.drools.compiler.kie.builder.impl.ClasspathKieProject - Recursed up folders, found and used pom.xml C:\Repos\MSSQLApp\new_business\pom.xml
[main] INFO org.drools.compiler.kie.builder.impl.InternalKieModuleProvider - Creating KieModule for artifact com.mydbaccess.app:new_business:1.0
[main] INFO org.drools.modelcompiler.CanonicalKieModuleProvider - No executable model found for artifact com.mydbaccess.app:new_business:1.0. Falling back to resources parsing.
[main] INFO org.drools.compiler.kie.builder.impl.KieContainerImpl - Start creation of KieBase: defaultKieBase
[main] INFO org.drools.compiler.kie.builder.impl.KieContainerImpl - End creation of KieBase: defaultKieBase
]]></system-err>
  </testcase>
  <testcase name="#2: " classname="bmi-test" time="0"/>
</testsuite>